<?xml version="1.0" encoding="UTF-8"?>
<!-- Generated by org.testng.reporters.JUnitReportReporter -->
<testsuite hostname="DESKTOP-NF5MU23" failures="0" tests="1" name="com.omayo.leftpagetest.DisplayedAfter10SecondsTest" time="17.710" errors="0" timestamp="2023-08-17T12:14:33 EET" skipped="0">
  <testcase classname="com.omayo.leftpagetest.DisplayedAfter10SecondsTest" name="displayedAfter10SecondsTest" time="17.710"/>
  <system-out/>
</testsuite> <!-- com.omayo.leftpagetest.DisplayedAfter10SecondsTest -->
