<?xml version="1.0" encoding="UTF-8"?>
<!-- Generated by org.testng.reporters.JUnitReportReporter -->
<testsuite hostname="DESKTOP-NF5MU23" failures="0" tests="1" name="com.omayo.leftpagetest.ButtonsWithSameNameTest" time="17.197" errors="0" timestamp="2023-08-17T12:19:11 EET" skipped="0">
  <testcase classname="com.omayo.leftpagetest.ButtonsWithSameNameTest" name="buttonsWithSameNameTest" time="17.197"/>
  <system-out/>
</testsuite> <!-- com.omayo.leftpagetest.ButtonsWithSameNameTest -->
