<?xml version="1.0" encoding="UTF-8"?>
<!-- Generated by org.testng.reporters.JUnitReportReporter -->
<testsuite hostname="DESKTOP-NF5MU23" failures="0" tests="1" name="com.omayo.centerpagetest.TextAreaFiledTest" time="9.181" errors="0" timestamp="2023-08-16T09:26:14 EET" skipped="0">
  <testcase classname="com.omayo.centerpagetest.TextAreaFiledTest" name="TextAreaFiledTest" time="9.181"/>
  <system-out/>
</testsuite> <!-- com.omayo.centerpagetest.TextAreaFiledTest -->
