<?xml version="1.0" encoding="UTF-8"?>
<!-- Generated by org.testng.reporters.JUnitReportReporter -->
<testsuite hostname="DESKTOP-NF5MU23" failures="0" tests="1" name="com.omayo.leftpagetest.MultiSelectionBoxTest" time="6.712" errors="0" timestamp="2023-08-17T12:16:31 EET" skipped="0">
  <testcase classname="com.omayo.leftpagetest.MultiSelectionBoxTest" name="multiSelectionBoxTest" time="6.712"/>
  <system-out/>
</testsuite> <!-- com.omayo.leftpagetest.MultiSelectionBoxTest -->
